========== 2021-10-15 13:45:29.83289 MSK ==========
Request {requestMethod = "POST", httpVersion = HTTP/1.1, rawPathInfo = "/", rawQueryString = "", requestHeaders = [("Host","localhost:7777"),("Content-Type","application/json"),("content-length","22")], isSecure = False, remoteHost = 127.0.0.1:55666, pathInfo = [], queryString = [], requestBody = <IO ByteString>, vault = <Vault>, requestBodyLength = KnownLength 22, requestHeaderHost = Just "localhost:7777", requestHeaderRange = Nothing}
{
    "key": "value"
}
========== 2021-10-15 13:55:55.062679 MSK ==========
Request {requestMethod = "POST", httpVersion = HTTP/1.1, rawPathInfo = "/", rawQueryString = "", requestHeaders = [("Host","localhost:7777"),("Content-Type","application/json"),("content-length","22")], isSecure = False, remoteHost = 127.0.0.1:56812, pathInfo = [], queryString = [], requestBody = <IO ByteString>, vault = <Vault>, requestBodyLength = KnownLength 22, requestHeaderHost = Just "localhost:7777", requestHeaderRange = Nothing}
Body:
{
    "key": "value"
}
========== 2021-10-15 14:17:12.804793 MSK ==========
Request {requestMethod = "POST", httpVersion = HTTP/1.1, rawPathInfo = "/", rawQueryString = "", requestHeaders = [("Host","localhost:7777"),("content-length","22")], isSecure = False, remoteHost = 127.0.0.1:58129, pathInfo = [], queryString = [], requestBody = <IO ByteString>, vault = <Vault>, requestBodyLength = KnownLength 22, requestHeaderHost = Just "localhost:7777", requestHeaderRange = Nothing}
Body:
{
  "key": "value"
}
========== 2021-10-15 14:18:01.387232 MSK ==========
Request {requestMethod = "POST", httpVersion = HTTP/1.1, rawPathInfo = "/", rawQueryString = "", requestHeaders = [("Host","localhost:7777"),("content-length","16")], isSecure = False, remoteHost = 127.0.0.1:58322, pathInfo = [], queryString = [], requestBody = <IO ByteString>, vault = <Vault>, requestBodyLength = KnownLength 16, requestHeaderHost = Just "localhost:7777", requestHeaderRange = Nothing}
Body:
{"key": "value"}
========== 2021-10-15 14:18:17.11913 MSK ==========
Request {requestMethod = "POST", httpVersion = HTTP/1.1, rawPathInfo = "/", rawQueryString = "", requestHeaders = [("Host","localhost:7777"),("Content-Type","application/json"),("content-length","16")], isSecure = False, remoteHost = 127.0.0.1:58388, pathInfo = [], queryString = [], requestBody = <IO ByteString>, vault = <Vault>, requestBodyLength = KnownLength 16, requestHeaderHost = Just "localhost:7777", requestHeaderRange = Nothing}
Body:
{
    "key": "value"
}
